{"D:\\projects\\devco\\todo-app\\index.js": {"path":"D:\\projects\\devco\\todo-app\\index.js","statementMap":{"0":{"start":{"line":1,"column":16},"end":{"line":1,"column":34}},"1":{"start":{"line":2,"column":25},"end":{"line":2,"column":57}},"2":{"start":{"line":3,"column":24},"end":{"line":3,"column":60}},"3":{"start":{"line":4,"column":13},"end":{"line":4,"column":28}},"4":{"start":{"line":5,"column":0},"end":{"line":5,"column":27}},"5":{"start":{"line":7,"column":12},"end":{"line":7,"column":21}},"6":{"start":{"line":11,"column":0},"end":{"line":11,"column":15}},"7":{"start":{"line":14,"column":0},"end":{"line":14,"column":16}},"8":{"start":{"line":17,"column":0},"end":{"line":17,"column":38}},"9":{"start":{"line":21,"column":0},"end":{"line":21,"column":24}},"10":{"start":{"line":25,"column":0},"end":{"line":25,"column":55}},"11":{"start":{"line":26,"column":0},"end":{"line":26,"column":55}},"12":{"start":{"line":29,"column":0},"end":{"line":32,"column":3}},"13":{"start":{"line":30,"column":4},"end":{"line":30,"column":64}},"14":{"start":{"line":31,"column":4},"end":{"line":31,"column":39}},"15":{"start":{"line":34,"column":0},"end":{"line":34,"column":21}}},"fnMap":{"0":{"name":"(anonymous_0)","decl":{"start":{"line":29,"column":29},"end":{"line":29,"column":30}},"loc":{"start":{"line":29,"column":35},"end":{"line":32,"column":1}},"line":29}},"branchMap":{},"s":{"0":1,"1":1,"2":1,"3":1,"4":1,"5":1,"6":1,"7":1,"8":1,"9":1,"10":1,"11":1,"12":1,"13":1,"14":1,"15":1},"f":{"0":1},"b":{},"_coverageSchema":"1a1c01bbd47fc00a2c39e90264f33305004495a9","hash":"3bc140833d21ba1e4e90709fe07f8f78e7537a9d"}
,"D:\\projects\\devco\\todo-app\\src\\controllers\\authUserController.js": {"path":"D:\\projects\\devco\\todo-app\\src\\controllers\\authUserController.js","statementMap":{"0":{"start":{"line":1,"column":21},"end":{"line":1,"column":39}},"1":{"start":{"line":2,"column":15},"end":{"line":2,"column":34}},"2":{"start":{"line":3,"column":13},"end":{"line":3,"column":38}},"3":{"start":{"line":4,"column":22},"end":{"line":4,"column":56}},"4":{"start":{"line":7,"column":18},"end":{"line":49,"column":1}},"5":{"start":{"line":9,"column":32},"end":{"line":9,"column":40}},"6":{"start":{"line":11,"column":4},"end":{"line":48,"column":5}},"7":{"start":{"line":13,"column":21},"end":{"line":13,"column":48}},"8":{"start":{"line":15,"column":8},"end":{"line":20,"column":9}},"9":{"start":{"line":16,"column":12},"end":{"line":19,"column":14}},"10":{"start":{"line":22,"column":30},"end":{"line":22,"column":74}},"11":{"start":{"line":24,"column":8},"end":{"line":29,"column":9}},"12":{"start":{"line":25,"column":12},"end":{"line":28,"column":14}},"13":{"start":{"line":31,"column":8},"end":{"line":31,"column":26}},"14":{"start":{"line":33,"column":22},"end":{"line":33,"column":59}},"15":{"start":{"line":35,"column":8},"end":{"line":40,"column":10}},"16":{"start":{"line":43,"column":8},"end":{"line":43,"column":27}},"17":{"start":{"line":44,"column":8},"end":{"line":47,"column":10}},"18":{"start":{"line":51,"column":19},"end":{"line":89,"column":1}},"19":{"start":{"line":53,"column":32},"end":{"line":53,"column":40}},"20":{"start":{"line":54,"column":4},"end":{"line":87,"column":5}},"21":{"start":{"line":56,"column":19},"end":{"line":56,"column":46}},"22":{"start":{"line":58,"column":8},"end":{"line":63,"column":9}},"23":{"start":{"line":59,"column":12},"end":{"line":62,"column":14}},"24":{"start":{"line":65,"column":8},"end":{"line":65,"column":34}},"25":{"start":{"line":67,"column":21},"end":{"line":67,"column":41}},"26":{"start":{"line":68,"column":8},"end":{"line":68,"column":56}},"27":{"start":{"line":70,"column":8},"end":{"line":70,"column":26}},"28":{"start":{"line":72,"column":22},"end":{"line":72,"column":59}},"29":{"start":{"line":74,"column":8},"end":{"line":79,"column":11}},"30":{"start":{"line":82,"column":8},"end":{"line":82,"column":27}},"31":{"start":{"line":83,"column":8},"end":{"line":86,"column":10}},"32":{"start":{"line":91,"column":19},"end":{"line":101,"column":1}},"33":{"start":{"line":93,"column":24},"end":{"line":93,"column":27}},"34":{"start":{"line":95,"column":18},"end":{"line":95,"column":46}},"35":{"start":{"line":97,"column":4},"end":{"line":100,"column":6}},"36":{"start":{"line":103,"column":0},"end":{"line":107,"column":1}}},"fnMap":{"0":{"name":"(anonymous_0)","decl":{"start":{"line":7,"column":18},"end":{"line":7,"column":19}},"loc":{"start":{"line":7,"column":48},"end":{"line":49,"column":1}},"line":7},"1":{"name":"(anonymous_1)","decl":{"start":{"line":51,"column":19},"end":{"line":51,"column":20}},"loc":{"start":{"line":51,"column":50},"end":{"line":89,"column":1}},"line":51},"2":{"name":"(anonymous_2)","decl":{"start":{"line":91,"column":19},"end":{"line":91,"column":20}},"loc":{"start":{"line":91,"column":49},"end":{"line":101,"column":1}},"line":91}},"branchMap":{"0":{"loc":{"start":{"line":7,"column":29},"end":{"line":7,"column":43}},"type":"default-arg","locations":[{"start":{"line":7,"column":35},"end":{"line":7,"column":43}}],"line":7},"1":{"loc":{"start":{"line":15,"column":8},"end":{"line":20,"column":9}},"type":"if","locations":[{"start":{"line":15,"column":8},"end":{"line":20,"column":9}},{"start":{},"end":{}}],"line":15},"2":{"loc":{"start":{"line":24,"column":8},"end":{"line":29,"column":9}},"type":"if","locations":[{"start":{"line":24,"column":8},"end":{"line":29,"column":9}},{"start":{},"end":{}}],"line":24},"3":{"loc":{"start":{"line":51,"column":31},"end":{"line":51,"column":45}},"type":"default-arg","locations":[{"start":{"line":51,"column":37},"end":{"line":51,"column":45}}],"line":51},"4":{"loc":{"start":{"line":58,"column":8},"end":{"line":63,"column":9}},"type":"if","locations":[{"start":{"line":58,"column":8},"end":{"line":63,"column":9}},{"start":{},"end":{}}],"line":58},"5":{"loc":{"start":{"line":91,"column":30},"end":{"line":91,"column":44}},"type":"default-arg","locations":[{"start":{"line":91,"column":36},"end":{"line":91,"column":44}}],"line":91}},"s":{"0":1,"1":1,"2":1,"3":1,"4":1,"5":4,"6":4,"7":4,"8":4,"9":0,"10":4,"11":4,"12":0,"13":4,"14":4,"15":4,"16":0,"17":0,"18":1,"19":1,"20":1,"21":1,"22":1,"23":0,"24":1,"25":1,"26":1,"27":1,"28":1,"29":1,"30":0,"31":0,"32":1,"33":1,"34":1,"35":1,"36":1},"f":{"0":4,"1":1,"2":1},"b":{"0":[0],"1":[0,4],"2":[0,4],"3":[0],"4":[0,1],"5":[0]},"_coverageSchema":"1a1c01bbd47fc00a2c39e90264f33305004495a9","hash":"d0443c06b52db1986ba83cfe9d8ca769f920910a"}
,"D:\\projects\\devco\\todo-app\\src\\controllers\\listTodoControllers.js": {"path":"D:\\projects\\devco\\todo-app\\src\\controllers\\listTodoControllers.js","statementMap":{"0":{"start":{"line":1,"column":21},"end":{"line":1,"column":39}},"1":{"start":{"line":2,"column":17},"end":{"line":2,"column":46}},"2":{"start":{"line":6,"column":17},"end":{"line":14,"column":1}},"3":{"start":{"line":8,"column":22},"end":{"line":9,"column":33}},"4":{"start":{"line":10,"column":4},"end":{"line":13,"column":6}},"5":{"start":{"line":16,"column":19},"end":{"line":38,"column":1}},"6":{"start":{"line":18,"column":21},"end":{"line":18,"column":43}},"7":{"start":{"line":20,"column":4},"end":{"line":37,"column":5}},"8":{"start":{"line":22,"column":8},"end":{"line":22,"column":32}},"9":{"start":{"line":24,"column":29},"end":{"line":24,"column":50}},"10":{"start":{"line":26,"column":8},"end":{"line":29,"column":10}},"11":{"start":{"line":32,"column":8},"end":{"line":32,"column":27}},"12":{"start":{"line":33,"column":8},"end":{"line":36,"column":10}},"13":{"start":{"line":40,"column":19},"end":{"line":83,"column":1}},"14":{"start":{"line":42,"column":19},"end":{"line":42,"column":32}},"15":{"start":{"line":43,"column":16},"end":{"line":43,"column":23}},"16":{"start":{"line":45,"column":4},"end":{"line":81,"column":5}},"17":{"start":{"line":47,"column":21},"end":{"line":47,"column":52}},"18":{"start":{"line":49,"column":8},"end":{"line":54,"column":9}},"19":{"start":{"line":50,"column":12},"end":{"line":53,"column":14}},"20":{"start":{"line":56,"column":8},"end":{"line":61,"column":9}},"21":{"start":{"line":57,"column":12},"end":{"line":60,"column":15}},"22":{"start":{"line":63,"column":24},"end":{"line":66,"column":9}},"23":{"start":{"line":68,"column":27},"end":{"line":68,"column":91}},"24":{"start":{"line":70,"column":8},"end":{"line":73,"column":10}},"25":{"start":{"line":76,"column":8},"end":{"line":76,"column":27}},"26":{"start":{"line":77,"column":8},"end":{"line":80,"column":10}},"27":{"start":{"line":85,"column":19},"end":{"line":121,"column":1}},"28":{"start":{"line":86,"column":19},"end":{"line":86,"column":32}},"29":{"start":{"line":87,"column":16},"end":{"line":87,"column":23}},"30":{"start":{"line":89,"column":4},"end":{"line":120,"column":5}},"31":{"start":{"line":91,"column":21},"end":{"line":91,"column":52}},"32":{"start":{"line":93,"column":8},"end":{"line":98,"column":9}},"33":{"start":{"line":94,"column":12},"end":{"line":97,"column":14}},"34":{"start":{"line":100,"column":8},"end":{"line":105,"column":9}},"35":{"start":{"line":101,"column":12},"end":{"line":104,"column":15}},"36":{"start":{"line":107,"column":27},"end":{"line":107,"column":67}},"37":{"start":{"line":109,"column":8},"end":{"line":112,"column":10}},"38":{"start":{"line":115,"column":8},"end":{"line":115,"column":27}},"39":{"start":{"line":116,"column":8},"end":{"line":119,"column":10}},"40":{"start":{"line":123,"column":0},"end":{"line":128,"column":1}}},"fnMap":{"0":{"name":"(anonymous_0)","decl":{"start":{"line":6,"column":17},"end":{"line":6,"column":18}},"loc":{"start":{"line":6,"column":48},"end":{"line":14,"column":1}},"line":6},"1":{"name":"(anonymous_1)","decl":{"start":{"line":16,"column":19},"end":{"line":16,"column":20}},"loc":{"start":{"line":16,"column":50},"end":{"line":38,"column":1}},"line":16},"2":{"name":"(anonymous_2)","decl":{"start":{"line":40,"column":19},"end":{"line":40,"column":20}},"loc":{"start":{"line":40,"column":49},"end":{"line":83,"column":1}},"line":40},"3":{"name":"(anonymous_3)","decl":{"start":{"line":85,"column":19},"end":{"line":85,"column":20}},"loc":{"start":{"line":85,"column":49},"end":{"line":121,"column":1}},"line":85}},"branchMap":{"0":{"loc":{"start":{"line":6,"column":29},"end":{"line":6,"column":43}},"type":"default-arg","locations":[{"start":{"line":6,"column":35},"end":{"line":6,"column":43}}],"line":6},"1":{"loc":{"start":{"line":16,"column":31},"end":{"line":16,"column":45}},"type":"default-arg","locations":[{"start":{"line":16,"column":37},"end":{"line":16,"column":45}}],"line":16},"2":{"loc":{"start":{"line":40,"column":30},"end":{"line":40,"column":44}},"type":"default-arg","locations":[{"start":{"line":40,"column":36},"end":{"line":40,"column":44}}],"line":40},"3":{"loc":{"start":{"line":49,"column":8},"end":{"line":54,"column":9}},"type":"if","locations":[{"start":{"line":49,"column":8},"end":{"line":54,"column":9}},{"start":{},"end":{}}],"line":49},"4":{"loc":{"start":{"line":56,"column":8},"end":{"line":61,"column":9}},"type":"if","locations":[{"start":{"line":56,"column":8},"end":{"line":61,"column":9}},{"start":{},"end":{}}],"line":56},"5":{"loc":{"start":{"line":85,"column":30},"end":{"line":85,"column":44}},"type":"default-arg","locations":[{"start":{"line":85,"column":36},"end":{"line":85,"column":44}}],"line":85},"6":{"loc":{"start":{"line":93,"column":8},"end":{"line":98,"column":9}},"type":"if","locations":[{"start":{"line":93,"column":8},"end":{"line":98,"column":9}},{"start":{},"end":{}}],"line":93},"7":{"loc":{"start":{"line":100,"column":8},"end":{"line":105,"column":9}},"type":"if","locations":[{"start":{"line":100,"column":8},"end":{"line":105,"column":9}},{"start":{},"end":{}}],"line":100}},"s":{"0":1,"1":1,"2":1,"3":0,"4":0,"5":1,"6":0,"7":0,"8":0,"9":0,"10":0,"11":0,"12":0,"13":1,"14":0,"15":0,"16":0,"17":0,"18":0,"19":0,"20":0,"21":0,"22":0,"23":0,"24":0,"25":0,"26":0,"27":1,"28":0,"29":0,"30":0,"31":0,"32":0,"33":0,"34":0,"35":0,"36":0,"37":0,"38":0,"39":0,"40":1},"f":{"0":0,"1":0,"2":0,"3":0},"b":{"0":[0],"1":[0],"2":[0],"3":[0,0],"4":[0,0],"5":[0],"6":[0,0],"7":[0,0]},"_coverageSchema":"1a1c01bbd47fc00a2c39e90264f33305004495a9","hash":"0d462960822f73a167fb3dd07c47728f656cf14c"}
,"D:\\projects\\devco\\todo-app\\src\\database\\config.js": {"path":"D:\\projects\\devco\\todo-app\\src\\database\\config.js","statementMap":{"0":{"start":{"line":1,"column":17},"end":{"line":1,"column":36}},"1":{"start":{"line":3,"column":21},"end":{"line":22,"column":1}},"2":{"start":{"line":6,"column":4},"end":{"line":20,"column":5}},"3":{"start":{"line":8,"column":8},"end":{"line":8,"column":43}},"4":{"start":{"line":10,"column":8},"end":{"line":12,"column":10}},"5":{"start":{"line":14,"column":8},"end":{"line":14,"column":33}},"6":{"start":{"line":18,"column":8},"end":{"line":18,"column":27}},"7":{"start":{"line":19,"column":8},"end":{"line":19,"column":54}},"8":{"start":{"line":24,"column":0},"end":{"line":26,"column":2}}},"fnMap":{"0":{"name":"(anonymous_0)","decl":{"start":{"line":3,"column":21},"end":{"line":3,"column":22}},"loc":{"start":{"line":3,"column":33},"end":{"line":22,"column":1}},"line":3}},"branchMap":{},"s":{"0":1,"1":1,"2":1,"3":1,"4":1,"5":1,"6":0,"7":0,"8":1},"f":{"0":1},"b":{},"_coverageSchema":"1a1c01bbd47fc00a2c39e90264f33305004495a9","hash":"102812488cd78091ccd73582fb65e4414e485018"}
,"D:\\projects\\devco\\todo-app\\src\\helpers\\isDate.js": {"path":"D:\\projects\\devco\\todo-app\\src\\helpers\\isDate.js","statementMap":{"0":{"start":{"line":1,"column":15},"end":{"line":1,"column":32}},"1":{"start":{"line":3,"column":15},"end":{"line":15,"column":1}},"2":{"start":{"line":5,"column":4},"end":{"line":7,"column":5}},"3":{"start":{"line":6,"column":8},"end":{"line":6,"column":21}},"4":{"start":{"line":9,"column":17},"end":{"line":9,"column":32}},"5":{"start":{"line":10,"column":4},"end":{"line":14,"column":5}},"6":{"start":{"line":11,"column":8},"end":{"line":11,"column":20}},"7":{"start":{"line":13,"column":8},"end":{"line":13,"column":21}},"8":{"start":{"line":17,"column":0},"end":{"line":19,"column":1}}},"fnMap":{"0":{"name":"(anonymous_0)","decl":{"start":{"line":3,"column":15},"end":{"line":3,"column":16}},"loc":{"start":{"line":3,"column":26},"end":{"line":15,"column":1}},"line":3}},"branchMap":{"0":{"loc":{"start":{"line":5,"column":4},"end":{"line":7,"column":5}},"type":"if","locations":[{"start":{"line":5,"column":4},"end":{"line":7,"column":5}},{"start":{},"end":{}}],"line":5},"1":{"loc":{"start":{"line":10,"column":4},"end":{"line":14,"column":5}},"type":"if","locations":[{"start":{"line":10,"column":4},"end":{"line":14,"column":5}},{"start":{"line":12,"column":10},"end":{"line":14,"column":5}}],"line":10}},"s":{"0":1,"1":1,"2":0,"3":0,"4":0,"5":0,"6":0,"7":0,"8":1},"f":{"0":0},"b":{"0":[0,0],"1":[0,0]},"_coverageSchema":"1a1c01bbd47fc00a2c39e90264f33305004495a9","hash":"936756814d295f77215fbbd9781dfdf645158552"}
,"D:\\projects\\devco\\todo-app\\src\\helpers\\jsonWebToken.js": {"path":"D:\\projects\\devco\\todo-app\\src\\helpers\\jsonWebToken.js","statementMap":{"0":{"start":{"line":1,"column":12},"end":{"line":1,"column":35}},"1":{"start":{"line":3,"column":20},"end":{"line":20,"column":1}},"2":{"start":{"line":5,"column":4},"end":{"line":18,"column":7}},"3":{"start":{"line":6,"column":24},"end":{"line":6,"column":37}},"4":{"start":{"line":8,"column":8},"end":{"line":17,"column":10}},"5":{"start":{"line":11,"column":12},"end":{"line":14,"column":13}},"6":{"start":{"line":12,"column":16},"end":{"line":12,"column":35}},"7":{"start":{"line":13,"column":16},"end":{"line":13,"column":44}},"8":{"start":{"line":16,"column":12},"end":{"line":16,"column":27}},"9":{"start":{"line":22,"column":0},"end":{"line":24,"column":1}}},"fnMap":{"0":{"name":"(anonymous_0)","decl":{"start":{"line":3,"column":20},"end":{"line":3,"column":21}},"loc":{"start":{"line":3,"column":35},"end":{"line":20,"column":1}},"line":3},"1":{"name":"(anonymous_1)","decl":{"start":{"line":5,"column":23},"end":{"line":5,"column":24}},"loc":{"start":{"line":5,"column":44},"end":{"line":18,"column":5}},"line":5},"2":{"name":"(anonymous_2)","decl":{"start":{"line":10,"column":11},"end":{"line":10,"column":12}},"loc":{"start":{"line":10,"column":29},"end":{"line":17,"column":9}},"line":10}},"branchMap":{"0":{"loc":{"start":{"line":11,"column":12},"end":{"line":14,"column":13}},"type":"if","locations":[{"start":{"line":11,"column":12},"end":{"line":14,"column":13}},{"start":{},"end":{}}],"line":11}},"s":{"0":1,"1":1,"2":6,"3":6,"4":6,"5":6,"6":0,"7":0,"8":6,"9":1},"f":{"0":6,"1":6,"2":6},"b":{"0":[0,6]},"_coverageSchema":"1a1c01bbd47fc00a2c39e90264f33305004495a9","hash":"93c207aa1c29f3bf3245a05f3faccee01ad0c657"}
,"D:\\projects\\devco\\todo-app\\src\\middlewares\\validate-jwt.js": {"path":"D:\\projects\\devco\\todo-app\\src\\middlewares\\validate-jwt.js","statementMap":{"0":{"start":{"line":1,"column":19},"end":{"line":1,"column":37}},"1":{"start":{"line":2,"column":12},"end":{"line":2,"column":35}},"2":{"start":{"line":4,"column":20},"end":{"line":34,"column":1}},"3":{"start":{"line":6,"column":18},"end":{"line":6,"column":39}},"4":{"start":{"line":8,"column":4},"end":{"line":13,"column":5}},"5":{"start":{"line":9,"column":8},"end":{"line":12,"column":10}},"6":{"start":{"line":15,"column":4},"end":{"line":30,"column":5}},"7":{"start":{"line":17,"column":28},"end":{"line":20,"column":9}},"8":{"start":{"line":22,"column":8},"end":{"line":22,"column":22}},"9":{"start":{"line":23,"column":8},"end":{"line":23,"column":24}},"10":{"start":{"line":26,"column":8},"end":{"line":29,"column":10}},"11":{"start":{"line":32,"column":4},"end":{"line":32,"column":11}},"12":{"start":{"line":36,"column":0},"end":{"line":38,"column":1}}},"fnMap":{"0":{"name":"(anonymous_0)","decl":{"start":{"line":4,"column":20},"end":{"line":4,"column":21}},"loc":{"start":{"line":4,"column":51},"end":{"line":34,"column":1}},"line":4}},"branchMap":{"0":{"loc":{"start":{"line":4,"column":26},"end":{"line":4,"column":40}},"type":"default-arg","locations":[{"start":{"line":4,"column":32},"end":{"line":4,"column":40}}],"line":4},"1":{"loc":{"start":{"line":8,"column":4},"end":{"line":13,"column":5}},"type":"if","locations":[{"start":{"line":8,"column":4},"end":{"line":13,"column":5}},{"start":{},"end":{}}],"line":8}},"s":{"0":1,"1":1,"2":1,"3":1,"4":1,"5":0,"6":1,"7":1,"8":1,"9":1,"10":0,"11":1,"12":1},"f":{"0":1},"b":{"0":[0],"1":[0,1]},"_coverageSchema":"1a1c01bbd47fc00a2c39e90264f33305004495a9","hash":"dd6ee579f19b4ed891fa6dd83a2a9905124b04a7"}
,"D:\\projects\\devco\\todo-app\\src\\middlewares\\validators.js": {"path":"D:\\projects\\devco\\todo-app\\src\\middlewares\\validators.js","statementMap":{"0":{"start":{"line":1,"column":19},"end":{"line":1,"column":37}},"1":{"start":{"line":2,"column":27},"end":{"line":2,"column":55}},"2":{"start":{"line":4,"column":17},"end":{"line":18,"column":1}},"3":{"start":{"line":6,"column":19},"end":{"line":6,"column":40}},"4":{"start":{"line":8,"column":4},"end":{"line":13,"column":5}},"5":{"start":{"line":9,"column":8},"end":{"line":12,"column":11}},"6":{"start":{"line":16,"column":4},"end":{"line":16,"column":11}},"7":{"start":{"line":20,"column":0},"end":{"line":22,"column":1}}},"fnMap":{"0":{"name":"(anonymous_0)","decl":{"start":{"line":4,"column":17},"end":{"line":4,"column":18}},"loc":{"start":{"line":4,"column":48},"end":{"line":18,"column":1}},"line":4}},"branchMap":{"0":{"loc":{"start":{"line":4,"column":23},"end":{"line":4,"column":37}},"type":"default-arg","locations":[{"start":{"line":4,"column":29},"end":{"line":4,"column":37}}],"line":4},"1":{"loc":{"start":{"line":8,"column":4},"end":{"line":13,"column":5}},"type":"if","locations":[{"start":{"line":8,"column":4},"end":{"line":13,"column":5}},{"start":{},"end":{}}],"line":8}},"s":{"0":1,"1":1,"2":1,"3":5,"4":5,"5":0,"6":5,"7":1},"f":{"0":5},"b":{"0":[0],"1":[0,5]},"_coverageSchema":"1a1c01bbd47fc00a2c39e90264f33305004495a9","hash":"32611e7999a50b3d2e90d26867c239ba1f4c9346"}
,"D:\\projects\\devco\\todo-app\\src\\models\\ListToDo.js": {"path":"D:\\projects\\devco\\todo-app\\src\\models\\ListToDo.js","statementMap":{"0":{"start":{"line":1,"column":25},"end":{"line":1,"column":44}},"1":{"start":{"line":4,"column":23},"end":{"line":30,"column":2}},"2":{"start":{"line":32,"column":0},"end":{"line":36,"column":3}},"3":{"start":{"line":33,"column":35},"end":{"line":33,"column":50}},"4":{"start":{"line":34,"column":4},"end":{"line":34,"column":20}},"5":{"start":{"line":35,"column":4},"end":{"line":35,"column":18}},"6":{"start":{"line":38,"column":0},"end":{"line":38,"column":51}}},"fnMap":{"0":{"name":"(anonymous_0)","decl":{"start":{"line":32,"column":32},"end":{"line":32,"column":33}},"loc":{"start":{"line":32,"column":43},"end":{"line":36,"column":1}},"line":32}},"branchMap":{},"s":{"0":1,"1":1,"2":1,"3":0,"4":0,"5":0,"6":1},"f":{"0":0},"b":{},"_coverageSchema":"1a1c01bbd47fc00a2c39e90264f33305004495a9","hash":"0c04e39c021878dabc0e72b50f660a2cb2e98db9"}
,"D:\\projects\\devco\\todo-app\\src\\models\\User.js": {"path":"D:\\projects\\devco\\todo-app\\src\\models\\User.js","statementMap":{"0":{"start":{"line":1,"column":25},"end":{"line":1,"column":44}},"1":{"start":{"line":4,"column":19},"end":{"line":19,"column":2}},"2":{"start":{"line":22,"column":0},"end":{"line":22,"column":43}}},"fnMap":{},"branchMap":{},"s":{"0":1,"1":1,"2":1},"f":{},"b":{},"_coverageSchema":"1a1c01bbd47fc00a2c39e90264f33305004495a9","hash":"6475fbcf75b88c9343db34ff797867ec972e99b3"}
,"D:\\projects\\devco\\todo-app\\src\\routes\\authUser.js": {"path":"D:\\projects\\devco\\todo-app\\src\\routes\\authUser.js","statementMap":{"0":{"start":{"line":1,"column":16},"end":{"line":1,"column":34}},"1":{"start":{"line":2,"column":18},"end":{"line":2,"column":46}},"2":{"start":{"line":3,"column":46},"end":{"line":3,"column":90}},"3":{"start":{"line":4,"column":24},"end":{"line":4,"column":62}},"4":{"start":{"line":5,"column":21},"end":{"line":5,"column":57}},"5":{"start":{"line":6,"column":15},"end":{"line":6,"column":31}},"6":{"start":{"line":55,"column":0},"end":{"line":64,"column":2}},"7":{"start":{"line":93,"column":0},"end":{"line":101,"column":2}},"8":{"start":{"line":124,"column":0},"end":{"line":124,"column":45}},"9":{"start":{"line":126,"column":0},"end":{"line":126,"column":24}}},"fnMap":{},"branchMap":{},"s":{"0":1,"1":1,"2":1,"3":1,"4":1,"5":1,"6":1,"7":1,"8":1,"9":1},"f":{},"b":{},"_coverageSchema":"1a1c01bbd47fc00a2c39e90264f33305004495a9","hash":"66f8268558c6ea0327eb1986d330f2fb96b43604"}
,"D:\\projects\\devco\\todo-app\\src\\routes\\listToDo.js": {"path":"D:\\projects\\devco\\todo-app\\src\\routes\\listToDo.js","statementMap":{"0":{"start":{"line":1,"column":16},"end":{"line":1,"column":34}},"1":{"start":{"line":2,"column":24},"end":{"line":2,"column":62}},"2":{"start":{"line":3,"column":57},"end":{"line":3,"column":102}},"3":{"start":{"line":4,"column":19},"end":{"line":4,"column":55}},"4":{"start":{"line":5,"column":16},"end":{"line":5,"column":44}},"5":{"start":{"line":6,"column":19},"end":{"line":6,"column":47}},"6":{"start":{"line":7,"column":15},"end":{"line":7,"column":31}},"7":{"start":{"line":9,"column":0},"end":{"line":9,"column":24}},"8":{"start":{"line":77,"column":0},"end":{"line":85,"column":12}},"9":{"start":{"line":108,"column":0},"end":{"line":108,"column":34}},"10":{"start":{"line":147,"column":0},"end":{"line":147,"column":42}},"11":{"start":{"line":185,"column":0},"end":{"line":185,"column":45}},"12":{"start":{"line":188,"column":0},"end":{"line":188,"column":24}}},"fnMap":{},"branchMap":{},"s":{"0":1,"1":1,"2":1,"3":1,"4":1,"5":1,"6":1,"7":1,"8":1,"9":1,"10":1,"11":1,"12":1},"f":{},"b":{},"_coverageSchema":"1a1c01bbd47fc00a2c39e90264f33305004495a9","hash":"1149965b411918605525a30e97498199bb578d0b"}
,"D:\\projects\\devco\\todo-app\\src\\swaggerDocs\\swagger.js": {"path":"D:\\projects\\devco\\todo-app\\src\\swaggerDocs\\swagger.js","statementMap":{"0":{"start":{"line":1,"column":21},"end":{"line":1,"column":45}},"1":{"start":{"line":2,"column":25},"end":{"line":2,"column":54}},"2":{"start":{"line":4,"column":16},"end":{"line":11,"column":1}},"3":{"start":{"line":14,"column":20},"end":{"line":14,"column":41}},"4":{"start":{"line":18,"column":20},"end":{"line":26,"column":1}},"5":{"start":{"line":19,"column":4},"end":{"line":19,"column":105}},"6":{"start":{"line":20,"column":4},"end":{"line":23,"column":6}},"7":{"start":{"line":21,"column":8},"end":{"line":21,"column":58}},"8":{"start":{"line":22,"column":8},"end":{"line":22,"column":29}},"9":{"start":{"line":25,"column":4},"end":{"line":25,"column":71}},"10":{"start":{"line":28,"column":0},"end":{"line":30,"column":1}}},"fnMap":{"0":{"name":"(anonymous_0)","decl":{"start":{"line":18,"column":20},"end":{"line":18,"column":21}},"loc":{"start":{"line":18,"column":35},"end":{"line":26,"column":1}},"line":18},"1":{"name":"(anonymous_1)","decl":{"start":{"line":20,"column":35},"end":{"line":20,"column":36}},"loc":{"start":{"line":20,"column":49},"end":{"line":23,"column":5}},"line":20}},"branchMap":{},"s":{"0":1,"1":1,"2":1,"3":1,"4":1,"5":1,"6":1,"7":0,"8":0,"9":1,"10":1},"f":{"0":1,"1":0},"b":{},"_coverageSchema":"1a1c01bbd47fc00a2c39e90264f33305004495a9","hash":"70686fc408d39b02eab529f1de54488d4002ba60"}
}
