TN:
SF:index.js
FN:29,(anonymous_0)
FNF:1
FNH:1
FNDA:1,(anonymous_0)
DA:1,1
DA:2,1
DA:3,1
DA:4,1
DA:5,1
DA:7,1
DA:11,1
DA:14,1
DA:17,1
DA:21,1
DA:25,1
DA:26,1
DA:29,1
DA:30,1
DA:31,1
DA:34,1
LF:16
LH:16
BRF:0
BRH:0
end_of_record
TN:
SF:src\controllers\authUserController.js
FN:7,(anonymous_0)
FN:51,(anonymous_1)
FN:91,(anonymous_2)
FNF:3
FNH:3
FNDA:4,(anonymous_0)
FNDA:1,(anonymous_1)
FNDA:1,(anonymous_2)
DA:1,1
DA:2,1
DA:3,1
DA:4,1
DA:7,1
DA:9,4
DA:11,4
DA:13,4
DA:15,4
DA:16,0
DA:22,4
DA:24,4
DA:25,0
DA:31,4
DA:33,4
DA:35,4
DA:43,0
DA:44,0
DA:51,1
DA:53,1
DA:54,1
DA:56,1
DA:58,1
DA:59,0
DA:65,1
DA:67,1
DA:68,1
DA:70,1
DA:72,1
DA:74,1
DA:82,0
DA:83,0
DA:91,1
DA:93,1
DA:95,1
DA:97,1
DA:103,1
LF:37
LH:30
BRDA:7,0,0,0
BRDA:15,1,0,0
BRDA:15,1,1,4
BRDA:24,2,0,0
BRDA:24,2,1,4
BRDA:51,3,0,0
BRDA:58,4,0,0
BRDA:58,4,1,1
BRDA:91,5,0,0
BRF:9
BRH:3
end_of_record
TN:
SF:src\controllers\listTodoControllers.js
FN:6,(anonymous_0)
FN:16,(anonymous_1)
FN:40,(anonymous_2)
FN:85,(anonymous_3)
FNF:4
FNH:0
FNDA:0,(anonymous_0)
FNDA:0,(anonymous_1)
FNDA:0,(anonymous_2)
FNDA:0,(anonymous_3)
DA:1,1
DA:2,1
DA:6,1
DA:8,0
DA:10,0
DA:16,1
DA:18,0
DA:20,0
DA:22,0
DA:24,0
DA:26,0
DA:32,0
DA:33,0
DA:40,1
DA:42,0
DA:43,0
DA:45,0
DA:47,0
DA:49,0
DA:50,0
DA:56,0
DA:57,0
DA:63,0
DA:68,0
DA:70,0
DA:76,0
DA:77,0
DA:85,1
DA:86,0
DA:87,0
DA:89,0
DA:91,0
DA:93,0
DA:94,0
DA:100,0
DA:101,0
DA:107,0
DA:109,0
DA:115,0
DA:116,0
DA:123,1
LF:41
LH:7
BRDA:6,0,0,0
BRDA:16,1,0,0
BRDA:40,2,0,0
BRDA:49,3,0,0
BRDA:49,3,1,0
BRDA:56,4,0,0
BRDA:56,4,1,0
BRDA:85,5,0,0
BRDA:93,6,0,0
BRDA:93,6,1,0
BRDA:100,7,0,0
BRDA:100,7,1,0
BRF:12
BRH:0
end_of_record
TN:
SF:src\database\config.js
FN:3,(anonymous_0)
FNF:1
FNH:1
FNDA:1,(anonymous_0)
DA:1,1
DA:3,1
DA:6,1
DA:8,1
DA:10,1
DA:14,1
DA:18,0
DA:19,0
DA:24,1
LF:9
LH:7
BRF:0
BRH:0
end_of_record
TN:
SF:src\helpers\isDate.js
FN:3,(anonymous_0)
FNF:1
FNH:0
FNDA:0,(anonymous_0)
DA:1,1
DA:3,1
DA:5,0
DA:6,0
DA:9,0
DA:10,0
DA:11,0
DA:13,0
DA:17,1
LF:9
LH:3
BRDA:5,0,0,0
BRDA:5,0,1,0
BRDA:10,1,0,0
BRDA:10,1,1,0
BRF:4
BRH:0
end_of_record
TN:
SF:src\helpers\jsonWebToken.js
FN:3,(anonymous_0)
FN:5,(anonymous_1)
FN:10,(anonymous_2)
FNF:3
FNH:3
FNDA:6,(anonymous_0)
FNDA:6,(anonymous_1)
FNDA:6,(anonymous_2)
DA:1,1
DA:3,1
DA:5,6
DA:6,6
DA:8,6
DA:11,6
DA:12,0
DA:13,0
DA:16,6
DA:22,1
LF:10
LH:8
BRDA:11,0,0,0
BRDA:11,0,1,6
BRF:2
BRH:1
end_of_record
TN:
SF:src\middlewares\validate-jwt.js
FN:4,(anonymous_0)
FNF:1
FNH:1
FNDA:1,(anonymous_0)
DA:1,1
DA:2,1
DA:4,1
DA:6,1
DA:8,1
DA:9,0
DA:15,1
DA:17,1
DA:22,1
DA:23,1
DA:26,0
DA:32,1
DA:36,1
LF:13
LH:11
BRDA:4,0,0,0
BRDA:8,1,0,0
BRDA:8,1,1,1
BRF:3
BRH:1
end_of_record
TN:
SF:src\middlewares\validators.js
FN:4,(anonymous_0)
FNF:1
FNH:1
FNDA:5,(anonymous_0)
DA:1,1
DA:2,1
DA:4,1
DA:6,5
DA:8,5
DA:9,0
DA:16,5
DA:20,1
LF:8
LH:7
BRDA:4,0,0,0
BRDA:8,1,0,0
BRDA:8,1,1,5
BRF:3
BRH:1
end_of_record
TN:
SF:src\models\ListToDo.js
FN:32,(anonymous_0)
FNF:1
FNH:0
FNDA:0,(anonymous_0)
DA:1,1
DA:4,1
DA:32,1
DA:33,0
DA:34,0
DA:35,0
DA:38,1
LF:7
LH:4
BRF:0
BRH:0
end_of_record
TN:
SF:src\models\User.js
FNF:0
FNH:0
DA:1,1
DA:4,1
DA:22,1
LF:3
LH:3
BRF:0
BRH:0
end_of_record
TN:
SF:src\routes\authUser.js
FNF:0
FNH:0
DA:1,1
DA:2,1
DA:3,1
DA:4,1
DA:5,1
DA:6,1
DA:55,1
DA:93,1
DA:124,1
DA:126,1
LF:10
LH:10
BRF:0
BRH:0
end_of_record
TN:
SF:src\routes\listToDo.js
FNF:0
FNH:0
DA:1,1
DA:2,1
DA:3,1
DA:4,1
DA:5,1
DA:6,1
DA:7,1
DA:9,1
DA:77,1
DA:108,1
DA:147,1
DA:185,1
DA:188,1
LF:13
LH:13
BRF:0
BRH:0
end_of_record
TN:
SF:src\swaggerDocs\swagger.js
FN:18,(anonymous_0)
FN:20,(anonymous_1)
FNF:2
FNH:1
FNDA:1,(anonymous_0)
FNDA:0,(anonymous_1)
DA:1,1
DA:2,1
DA:4,1
DA:14,1
DA:18,1
DA:19,1
DA:20,1
DA:21,0
DA:22,0
DA:25,1
DA:28,1
LF:11
LH:9
BRF:0
BRH:0
end_of_record
