TN:
SF:src\controllers\authUserController.js
FN:7,(anonymous_0)
FN:51,(anonymous_1)
FN:91,(anonymous_2)
FNF:3
FNH:3
FNDA:11,(anonymous_0)
FNDA:1,(anonymous_1)
FNDA:1,(anonymous_2)
DA:1,2
DA:2,2
DA:3,2
DA:4,2
DA:7,2
DA:9,11
DA:11,11
DA:13,11
DA:15,11
DA:16,0
DA:22,11
DA:24,11
DA:25,0
DA:31,11
DA:33,11
DA:35,11
DA:43,0
DA:44,0
DA:51,2
DA:53,1
DA:54,1
DA:56,1
DA:58,1
DA:59,0
DA:65,1
DA:67,1
DA:68,1
DA:70,1
DA:72,1
DA:74,1
DA:82,0
DA:83,0
DA:91,2
DA:93,1
DA:95,1
DA:97,1
DA:103,2
LF:37
LH:30
BRDA:7,0,0,0
BRDA:15,1,0,0
BRDA:15,1,1,11
BRDA:24,2,0,0
BRDA:24,2,1,11
BRDA:51,3,0,0
BRDA:58,4,0,0
BRDA:58,4,1,1
BRDA:91,5,0,0
BRF:9
BRH:3
end_of_record
TN:
SF:src\controllers\listTodoControllers.js
FN:6,(anonymous_0)
FN:16,(anonymous_1)
FN:40,(anonymous_2)
FN:85,(anonymous_3)
FNF:4
FNH:4
FNDA:1,(anonymous_0)
FNDA:5,(anonymous_1)
FNDA:3,(anonymous_2)
FNDA:1,(anonymous_3)
DA:1,2
DA:2,2
DA:6,2
DA:8,1
DA:10,1
DA:16,2
DA:18,5
DA:20,5
DA:22,5
DA:24,5
DA:26,5
DA:32,0
DA:33,0
DA:40,2
DA:42,3
DA:43,3
DA:45,3
DA:47,3
DA:49,3
DA:50,1
DA:56,2
DA:57,1
DA:63,1
DA:68,1
DA:70,1
DA:76,0
DA:77,0
DA:85,2
DA:86,1
DA:87,1
DA:89,1
DA:91,1
DA:93,1
DA:94,0
DA:100,1
DA:101,0
DA:107,1
DA:109,1
DA:115,0
DA:116,0
DA:123,2
LF:41
LH:33
BRDA:6,0,0,0
BRDA:16,1,0,0
BRDA:40,2,0,0
BRDA:49,3,0,1
BRDA:49,3,1,2
BRDA:56,4,0,1
BRDA:56,4,1,1
BRDA:85,5,0,0
BRDA:93,6,0,0
BRDA:93,6,1,1
BRDA:100,7,0,0
BRDA:100,7,1,1
BRF:12
BRH:6
end_of_record
TN:
SF:src\helpers\isDate.js
FN:3,(anonymous_0)
FNF:1
FNH:1
FNDA:10,(anonymous_0)
DA:1,2
DA:3,2
DA:5,10
DA:6,0
DA:9,10
DA:10,10
DA:11,10
DA:13,0
DA:17,2
LF:9
LH:7
BRDA:5,0,0,0
BRDA:5,0,1,10
BRDA:10,1,0,10
BRDA:10,1,1,0
BRF:4
BRH:2
end_of_record
TN:
SF:src\helpers\jsonWebToken.js
FN:3,(anonymous_0)
FN:5,(anonymous_1)
FN:10,(anonymous_2)
FNF:3
FNH:3
FNDA:13,(anonymous_0)
FNDA:13,(anonymous_1)
FNDA:13,(anonymous_2)
DA:1,2
DA:3,2
DA:5,13
DA:6,13
DA:8,13
DA:11,13
DA:12,0
DA:13,0
DA:16,13
DA:22,2
LF:10
LH:8
BRDA:11,0,0,0
BRDA:11,0,1,13
BRF:2
BRH:1
end_of_record
TN:
SF:src\middlewares\validate-jwt.js
FN:4,(anonymous_0)
FNF:1
FNH:1
FNDA:11,(anonymous_0)
DA:1,2
DA:2,2
DA:4,2
DA:6,11
DA:8,11
DA:9,0
DA:15,11
DA:17,11
DA:22,11
DA:23,11
DA:26,0
DA:32,11
DA:36,2
LF:13
LH:11
BRDA:4,0,0,0
BRDA:8,1,0,0
BRDA:8,1,1,11
BRF:3
BRH:1
end_of_record
TN:
SF:src\middlewares\validators.js
FN:4,(anonymous_0)
FNF:1
FNH:1
FNDA:17,(anonymous_0)
DA:1,2
DA:2,2
DA:4,2
DA:6,17
DA:8,17
DA:9,0
DA:16,17
DA:20,2
LF:8
LH:7
BRDA:4,0,0,0
BRDA:8,1,0,0
BRDA:8,1,1,17
BRF:3
BRH:1
end_of_record
TN:
SF:src\models\ListToDo.js
FN:32,(anonymous_0)
FNF:1
FNH:1
FNDA:8,(anonymous_0)
DA:1,2
DA:4,2
DA:32,2
DA:33,8
DA:34,8
DA:35,8
DA:38,2
LF:7
LH:7
BRF:0
BRH:0
end_of_record
TN:
SF:src\models\User.js
FNF:0
FNH:0
DA:1,2
DA:4,2
DA:22,2
LF:3
LH:3
BRF:0
BRH:0
end_of_record
TN:
SF:src\routes\authUser.js
FNF:0
FNH:0
DA:1,2
DA:2,2
DA:3,2
DA:4,2
DA:5,2
DA:6,2
DA:55,2
DA:93,2
DA:124,2
DA:126,2
LF:10
LH:10
BRF:0
BRH:0
end_of_record
TN:
SF:src\routes\listToDo.js
FNF:0
FNH:0
DA:1,2
DA:2,2
DA:3,2
DA:4,2
DA:5,2
DA:6,2
DA:7,2
DA:9,2
DA:77,2
DA:108,2
DA:147,2
DA:185,2
DA:188,2
LF:13
LH:13
BRF:0
BRH:0
end_of_record
TN:
SF:src\swaggerDocs\swagger.js
FN:18,(anonymous_0)
FN:20,(anonymous_1)
FNF:2
FNH:0
FNDA:0,(anonymous_0)
FNDA:0,(anonymous_1)
DA:1,2
DA:2,2
DA:4,2
DA:14,2
DA:18,2
DA:19,0
DA:20,0
DA:21,0
DA:22,0
DA:25,0
DA:28,2
LF:11
LH:6
BRF:0
BRH:0
end_of_record
